<?xml version="1.0" encoding="UTF-8"?>
<!-- Generated by org.testng.reporters.JUnitXMLReporter -->
<testsuite ignored="0" hostname="LAPTOP-E956GLFD" failures="0" tests="3" name="Default test" time="0.068" errors="0" timestamp="2021-10-10T20:00:49 IST">
  <testcase classname="Priority_Methods" name="inbox" time="0.011"/>
  <testcase classname="Priority_Methods" name="composeTest" time="0.001"/>
  <testcase classname="Priority_Methods" name="LogOut" time="0.001"/>
</testsuite> <!-- Default test -->
