<?xml version="1.0" encoding="UTF-8"?>
<testng-results ignored="0" total="3" passed="3" failed="0" skipped="0">
  <reporter-output>
  </reporter-output>
  <suite started-at="2021-10-10T20:00:49 IST" name="Default suite" finished-at="2021-10-10T20:00:49 IST" duration-ms="68">
    <groups>
    </groups>
    <test started-at="2021-10-10T20:00:49 IST" name="Default test" finished-at="2021-10-10T20:00:49 IST" duration-ms="68">
      <class name="Priority_Methods">
        <test-method signature="inbox()[pri:1, instance:Priority_Methods@3246fb96]" started-at="2021-10-10T20:00:49 IST" name="inbox" finished-at="2021-10-10T20:00:49 IST" duration-ms="11" status="PASS">
          <reporter-output>
          </reporter-output>
        </test-method> <!-- inbox -->
        <test-method signature="composeTest()[pri:2, instance:Priority_Methods@3246fb96]" started-at="2021-10-10T20:00:49 IST" name="composeTest" finished-at="2021-10-10T20:00:49 IST" duration-ms="1" status="PASS">
          <reporter-output>
          </reporter-output>
        </test-method> <!-- composeTest -->
        <test-method signature="LogOut()[pri:3, instance:Priority_Methods@3246fb96]" started-at="2021-10-10T20:00:49 IST" name="LogOut" finished-at="2021-10-10T20:00:49 IST" duration-ms="1" status="PASS">
          <reporter-output>
          </reporter-output>
        </test-method> <!-- LogOut -->
      </class> <!-- Priority_Methods -->
    </test> <!-- Default test -->
  </suite> <!-- Default suite -->
</testng-results>
