<?xml version="1.0" encoding="UTF-8"?>
<!-- Generated by org.testng.reporters.JUnitXMLReporter -->
<testsuite ignored="0" hostname="LAPTOP-E956GLFD" failures="1" tests="3" name="SauceTestCases" time="22.028" errors="0" timestamp="2021-11-04T07:29:50 IST">
  <testcase classname="com.sauce.testcases.PlaceOrder" name="placeOrder" time="12.233"/>
  <testcase classname="com.sauce.testcases.LoginTest" name="logintest" time="3.194">
    <failure type="java.lang.AssertionError" message="expected [PRODUCT] but found [PRODUCTS]">
      <![CDATA[java.lang.AssertionError: expected [PRODUCT] but found [PRODUCTS]
at com.sauce.testcases.LoginTest.logintest(LoginTest.java:30)
at java.base/java.util.ArrayList.forEach(ArrayList.java:1511)
... Removed 33 stack frames]]>
    </failure>
  </testcase> <!-- logintest -->
  <testcase classname="com.sauce.testcases.LogoutTest" name="logout" time="6.543"/>
</testsuite> <!-- SauceTestCases -->
