<?xml version="1.0" encoding="UTF-8"?>
<testng-results ignored="0" total="1" passed="1" failed="0" skipped="0">
  <reporter-output>
  </reporter-output>
  <suite started-at="2021-10-10T21:03:05 IST" name="Default suite" finished-at="2021-10-10T21:03:10 IST" duration-ms="4282">
    <groups>
    </groups>
    <test started-at="2021-10-10T21:03:05 IST" name="Default test" finished-at="2021-10-10T21:03:10 IST" duration-ms="4282">
      <class name="LoginTest">
        <test-method signature="logintest()[pri:0, instance:LoginTest@68c72235]" started-at="2021-10-10T21:03:05 IST" name="logintest" finished-at="2021-10-10T21:03:10 IST" duration-ms="4220" status="PASS">
          <reporter-output>
          </reporter-output>
        </test-method> <!-- logintest -->
      </class> <!-- LoginTest -->
    </test> <!-- Default test -->
  </suite> <!-- Default suite -->
</testng-results>
