<?xml version="1.0" encoding="UTF-8"?>
<!-- Generated by org.testng.reporters.JUnitXMLReporter -->
<testsuite ignored="0" hostname="LAPTOP-E956GLFD" failures="0" tests="4" name="Test" time="66.127" errors="0" timestamp="2021-10-06T07:36:20 IST">
  <testcase classname="com.crm.tests.LoginTest" name="logintest" time="5.656"/>
  <testcase classname="com.crm.tests.LoginTest" name="invalidlogintest" time="8.809"/>
  <testcase classname="com.crm.tests.ContactsTest" name="contactsTest" time="17.603"/>
  <testcase classname="com.crm.tests.FormsTest" name="formTest" time="22.894"/>
</testsuite> <!-- Test -->
