<?xml version="1.0" encoding="UTF-8"?>
<testng-results skipped="0" failed="0" ignored="0" total="1" passed="1">
  <reporter-output>
  </reporter-output>
  <suite name="Surefire suite" duration-ms="4973" started-at="2021-10-10T21:05:48 IST" finished-at="2021-10-10T21:05:53 IST">
    <groups>
    </groups>
    <test name="Surefire test" duration-ms="4973" started-at="2021-10-10T21:05:48 IST" finished-at="2021-10-10T21:05:53 IST">
      <class name="LoginTest">
        <test-method status="PASS" signature="logintest()[pri:0, instance:LoginTest@5383967b]" name="logintest" duration-ms="4923" started-at="2021-10-10T21:05:48 IST" finished-at="2021-10-10T21:05:53 IST">
          <reporter-output>
          </reporter-output>
        </test-method> <!-- logintest -->
      </class> <!-- LoginTest -->
    </test> <!-- Surefire test -->
  </suite> <!-- Surefire suite -->
</testng-results>
